2018-05-15 05:40:39,437 INFO  DownloadService - Downloading "https://github.com/halfhp/androidplot/archive/master.zip", attempt 3
2018-05-15 05:41:39,954 INFO  GithubDownloadService - Could not find ZIP archive for master branch
2018-05-15 05:41:40,653 INFO  GithubDownloadService - Default branch of this repository: master
2018-05-15 05:41:40,653 INFO  DownloadService - Downloading "https://github.com/halfhp/androidplot/archive/master.zip", attempt 3
2018-05-15 05:42:42,128 DEBUG FullProcessService - Repository https://github.com/halfhp/androidplot available: true
2018-05-15 05:42:42,128 INFO  FullProcessService - Could not download ZIP file from Github, lets clone it
2018-05-15 05:42:42,128 INFO  SysUtils - Execute command: [git, clone, -q, --single-branch, --depth, 1, https://github.com/halfhp/androidplot, /tmp/rdisk/177/src]
2018-05-15 05:42:50,198 INFO  SysUtils - 
2018-05-15 05:42:50,206 INFO  GitService - Deleted "/tmp/rdisk/177/src/.git": true
2018-05-15 05:42:50,215 INFO  FullProcessService - Size of directory with sources: 6 MB
2018-05-15 05:42:50,216 INFO  SysUtils - Execute command: [git, init, /tmp/rdisk/177/src]
2018-05-15 05:42:50,227 INFO  SysUtils - Initialized empty Git repository in /tmp/rdisk/177/src/.git/

2018-05-15 05:42:50,233 INFO  ProjectBuildService - Gradle wrapper(s): /tmp/rdisk/177/src/gradlew
2018-05-15 05:42:50,239 INFO  ProjectBuildService - Build script(s): /tmp/rdisk/177/src/androidplot-core/build.gradle /tmp/rdisk/177/src/demoapp-wearable/build.gradle /tmp/rdisk/177/src/demoapp/build.gradle /tmp/rdisk/177/src/build.gradle
2018-05-15 05:42:50,245 INFO  ProjectBuildService - All script(s): /tmp/rdisk/177/src/settings.gradle /tmp/rdisk/177/src/demoapp/build.gradle /tmp/rdisk/177/src/demoapp-wearable/build.gradle /tmp/rdisk/177/src/build.gradle /tmp/rdisk/177/src/androidplot-core/build.gradle
2018-05-15 05:42:50,246 INFO  ProjectBuildService - Remote scripts: none
2018-05-15 05:42:50,246 INFO  ProjectFixService - Fixing project...
2018-05-15 05:42:50,259 INFO  LocalPropertiesFixService - Created fake /tmp/rdisk/177/src/androidplot-core/local.properties
2018-05-15 05:42:50,263 INFO  ProjectFixService - Build info for "/tmp/rdisk/177/src/androidplot-core/build.gradle": [buildToolsVersion=<null>,compileSdkVersion=<null>,minSdkVersion=14,targetSdkVersion=<null>]
2018-05-15 05:42:50,263 INFO  ProjectFixService - Fixed build info for "/tmp/rdisk/177/src/androidplot-core/build.gradle": [buildToolsVersion=28.0.0-rc1,compileSdkVersion=27,minSdkVersion=14,targetSdkVersion=27]
2018-05-15 05:42:50,264 INFO  LocalPropertiesFixService - Created fake /tmp/rdisk/177/src/demoapp-wearable/local.properties
2018-05-15 05:42:50,267 INFO  ProjectFixService - Build info for "/tmp/rdisk/177/src/demoapp-wearable/build.gradle": [buildToolsVersion=<null>,compileSdkVersion=<null>,minSdkVersion=20,targetSdkVersion=<null>]
2018-05-15 05:42:50,267 INFO  ProjectFixService - Fixed build info for "/tmp/rdisk/177/src/demoapp-wearable/build.gradle": [buildToolsVersion=28.0.0-rc1,compileSdkVersion=27,minSdkVersion=20,targetSdkVersion=27]
2018-05-15 05:42:50,268 INFO  LocalPropertiesFixService - Created fake /tmp/rdisk/177/src/demoapp/local.properties
2018-05-15 05:42:50,271 INFO  ProjectFixService - Build info for "/tmp/rdisk/177/src/demoapp/build.gradle": [buildToolsVersion=<null>,compileSdkVersion=<null>,minSdkVersion=14,targetSdkVersion=<null>]
2018-05-15 05:42:50,271 INFO  ProjectFixService - Fixed build info for "/tmp/rdisk/177/src/demoapp/build.gradle": [buildToolsVersion=28.0.0-rc1,compileSdkVersion=27,minSdkVersion=14,targetSdkVersion=27]
2018-05-15 05:42:50,272 INFO  LocalPropertiesFixService - Created fake /tmp/rdisk/177/src/local.properties
2018-05-15 05:42:50,272 INFO  WrapperPropertiesFixService - Gradle wrapper: https://services.gradle.org/distributions/gradle-4.6-all.zip
2018-05-15 05:42:50,272 INFO  WrapperPropertiesFixService - Gradle wrapper was changed from "-all.zip" to "-bin.zip" (https://services.gradle.org/distributions/gradle-4.6-bin.zip)
2018-05-15 05:42:50,276 INFO  ProjectFixService - Build info for "/tmp/rdisk/177/src/build.gradle": [buildToolsVersion=<null>,compileSdkVersion=<null>,minSdkVersion=14,targetSdkVersion=<null>]
2018-05-15 05:42:50,276 INFO  ProjectFixService - Fixed build info for "/tmp/rdisk/177/src/build.gradle": [buildToolsVersion=28.0.0-rc1,compileSdkVersion=27,minSdkVersion=14,targetSdkVersion=27]
2018-05-15 05:42:50,276 INFO  ProjectFixService - Project was maybe fixed
2018-05-15 05:42:50,276 INFO  ProjectTaskService - Detecting possible tasks...
2018-05-15 05:42:50,276 INFO  SysUtils - Execute command: [/tmp/rdisk/177/src/gradlew, -b, /tmp/rdisk/177/src/androidplot-core/build.gradle, -Dorg.gradle.daemon=false, -Dorg.gradle.daemon.performance.enable-monitoring=false, -Dorg.gradle.configureondemand=true, tasks]
2018-05-15 05:43:04,007 INFO  ProjectTaskService - Detected possible tasks: 75
2018-05-15 05:43:04,007 INFO  ProjectTaskService - Excluded tasks (16): lintDebug mockableAndroidJar deviceCheck lint testReleaseUnitTest deviceAndroidTest uninstallDebugAndroidTest installDebugAndroidTest connectedCheck connectedDebugAndroidTest uninstallAll test check testDebugUnitTest connectedAndroidTest lintRelease
2018-05-15 05:43:04,007 INFO  SysUtils - Execute command: [/tmp/rdisk/177/src/gradlew, -b, /tmp/rdisk/177/src/androidplot-core/build.gradle, -Dorg.gradle.daemon=false, -Dorg.gradle.daemon.performance.enable-monitoring=false, -Dorg.gradle.configureondemand=true, --stacktrace, -x, lintDebug, -x, mockableAndroidJar, -x, deviceCheck, -x, lint, -x, testReleaseUnitTest, -x, deviceAndroidTest, -x, uninstallDebugAndroidTest, -x, installDebugAndroidTest, -x, connectedCheck, -x, connectedDebugAndroidTest, -x, uninstallAll, -x, test, -x, check, -x, testDebugUnitTest, -x, connectedAndroidTest, -x, lintRelease, build]
2018-05-15 05:43:25,108 INFO  SysUtils - Configuration on demand is an incubating feature.
WARNING: Configuration 'compile' is obsolete and has been replaced with 'implementation' and 'api'.
It will be removed at the end of 2018. For more information see: http://d.android.com/r/tools/update-dependency-configurations.html
WARNING: Configuration 'testCompile' is obsolete and has been replaced with 'testImplementation' and 'testApi'.
It will be removed at the end of 2018. For more information see: http://d.android.com/r/tools/update-dependency-configurations.html
WARNING: Configuration 'testApi' is obsolete and has been replaced with 'testImplementation'.
It will be removed at the end of 2018. For more information see: http://d.android.com/r/tools/update-dependency-configurations.html
:androidplot-core:preBuild UP-TO-DATE
:androidplot-core:preDebugBuild UP-TO-DATE
:androidplot-core:compileDebugAidl
:androidplot-core:compileDebugRenderscript
:androidplot-core:checkDebugManifest
:androidplot-core:generateDebugBuildConfig
:androidplot-core:generateDebugResValues
:androidplot-core:generateDebugResources
:androidplot-core:packageDebugResources
:androidplot-core:platformAttrExtractor
:androidplot-core:processDebugManifest
:androidplot-core:prepareLintJar
:androidplot-core:javaPreCompileDebug
:androidplot-core:mergeDebugConsumerProguardFiles
:androidplot-core:mergeDebugShaders
:androidplot-core:compileDebugShaders
:androidplot-core:generateDebugAssets
:androidplot-core:packageDebugAssets
:androidplot-core:packageDebugRenderscript NO-SOURCE
:androidplot-core:processDebugJavaRes NO-SOURCE
:androidplot-core:compileDebugNdk NO-SOURCE
:androidplot-core:mergeDebugJniLibFolders
:androidplot-core:transformNativeLibsWithMergeJniLibsForDebug
:androidplot-core:transformNativeLibsWithStripDebugSymbolForDebug
:androidplot-core:transformNativeLibsWithSyncJniLibsForDebug
:androidplot-core:preReleaseBuild UP-TO-DATE
:androidplot-core:compileReleaseAidl
:androidplot-core:compileReleaseRenderscript
:androidplot-core:checkReleaseManifest
:androidplot-core:generateReleaseBuildConfig
:androidplot-core:generateReleaseResValues
:androidplot-core:generateReleaseResources
:androidplot-core:packageReleaseResources
:androidplot-core:processReleaseManifest
:androidplot-core:javaPreCompileRelease
:androidplot-core:mergeReleaseConsumerProguardFiles
:androidplot-core:mergeReleaseShaders
:androidplot-core:compileReleaseShaders
:androidplot-core:generateReleaseAssets
:androidplot-core:packageReleaseAssets
:androidplot-core:packageReleaseRenderscript NO-SOURCE
:androidplot-core:processReleaseJavaRes NO-SOURCE
:androidplot-core:compileReleaseNdk NO-SOURCE
:androidplot-core:mergeReleaseJniLibFolders
:androidplot-core:transformNativeLibsWithMergeJniLibsForRelease
:androidplot-core:transformNativeLibsWithStripDebugSymbolForRelease
:androidplot-core:transformNativeLibsWithSyncJniLibsForRelease
:androidplot-core:mergeReleaseResources
:androidplot-core:verifyReleaseResources
:androidplot-core:javadoc/tmp/rdisk/177/src/androidplot-core/src/main/java/com/androidplot/xy/XYPlot.java:25: error: package android.support.annotation does not exist
import android.support.annotation.NonNull;
                                 ^
/tmp/rdisk/177/src/androidplot-core/src/main/java/com/androidplot/xy/XYPlot.java:29: error: cannot find symbol
import com.androidplot.R;
                      ^
  symbol:   class R
  location: package com.androidplot
/tmp/rdisk/177/src/androidplot-core/src/main/java/com/androidplot/Plot.java:29: error: package android.support.annotation does not exist
import android.support.annotation.Nullable;
                                 ^
/tmp/rdisk/177/src/androidplot-core/src/main/java/com/androidplot/Plot.java:51: error: package com.halfhp.fig does not exist
import com.halfhp.fig.Fig;
                     ^
/tmp/rdisk/177/src/androidplot-core/src/main/java/com/androidplot/Plot.java:52: error: package com.halfhp.fig does not exist
import com.halfhp.fig.FigException;
                     ^
/tmp/rdisk/177/src/androidplot-core/src/main/java/com/androidplot/ui/Formatter.java:21: error: package com.halfhp.fig does not exist
import com.halfhp.fig.*;
^
/tmp/rdisk/177/src/androidplot-core/src/main/java/com/androidplot/xy/XYRegionFormatter.java:22: error: package com.halfhp.fig does not exist
import com.halfhp.fig.*;
^
/tmp/rdisk/177/src/androidplot-core/src/main/java/com/androidplot/xy/XYLegendWidget.java:20: error: package android.support.annotation does not exist
import android.support.annotation.NonNull;
                                 ^
/tmp/rdisk/177/src/androidplot-core/src/main/java/com/androidplot/ui/widget/LegendWidget.java:7: error: package android.support.annotation does not exist
import android.support.annotation.NonNull;
                                 ^
/tmp/rdisk/177/src/androidplot-core/src/main/java/com/androidplot/ui/widget/LegendWidget.java:8: error: package android.support.annotation does not exist
import android.support.annotation.Nullable;
                                 ^
/tmp/rdisk/177/src/androidplot-core/src/main/java/com/androidplot/ui/widget/Widget.java:20: error: package android.support.annotation does not exist
import android.support.annotation.NonNull;
                                 ^
/tmp/rdisk/177/src/androidplot-core/src/main/java/com/androidplot/ui/widget/Widget.java:21: error: package android.support.annotation does not exist
import android.support.annotation.Nullable;
                                 ^
/tmp/rdisk/177/src/androidplot-core/src/main/java/com/androidplot/xy/XYLegendItem.java:3: error: package android.support.annotation does not exist
import android.support.annotation.NonNull;
                                 ^
/tmp/rdisk/177/src/androidplot-core/src/main/java/com/androidplot/xy/XYGraphWidget.java:25: error: package android.support.annotation does not exist
import android.support.annotation.NonNull;
                                 ^
/tmp/rdisk/177/src/androidplot-core/src/main/java/com/androidplot/xy/XYGraphWidget.java:26: error: package android.support.annotation does not exist
import android.support.annotation.Nullable;
                                 ^
/tmp/rdisk/177/src/androidplot-core/src/main/java/com/androidplot/xy/XYGraphWidget.java:28: error: cannot find symbol
import com.androidplot.R;
                      ^
  symbol:   class R
  location: package com.androidplot
/tmp/rdisk/177/src/androidplot-core/src/main/java/com/androidplot/xy/XYConstraints.java:19: error: package android.support.annotation does not exist
import android.support.annotation.NonNull;
                                 ^
/tmp/rdisk/177/src/androidplot-core/src/main/java/com/androidplot/xy/XYConstraints.java:20: error: package android.support.annotation does not exist
import android.support.annotation.Nullable;
                                 ^
/tmp/rdisk/177/src/androidplot-core/src/main/java/com/androidplot/ui/PositionMetrics.java:19: error: package android.support.annotation does not exist
import android.support.annotation.NonNull;
                                 ^
/tmp/rdisk/177/src/androidplot-core/src/main/java/com/androidplot/util/FastNumber.java:3: error: package android.support.annotation does not exist
import android.support.annotation.NonNull;
                                 ^
/tmp/rdisk/177/src/androidplot-core/src/main/java/com/androidplot/util/FastNumber.java:4: error: package android.support.annotation does not exist
import android.support.annotation.Nullable;
                                 ^
/tmp/rdisk/177/src/androidplot-core/src/main/java/com/androidplot/xy/FixedSizeEditableXYSeries.java:3: error: package android.support.annotation does not exist
import android.support.annotation.NonNull;
                                 ^
/tmp/rdisk/177/src/androidplot-core/src/main/java/com/androidplot/xy/FixedSizeEditableXYSeries.java:4: error: package android.support.annotation does not exist
import android.support.annotation.Nullable;
                                 ^
/tmp/rdisk/177/src/androidplot-core/src/main/java/com/androidplot/xy/FastLineAndPointRenderer.java:23: error: package android.support.annotation does not exist
import android.support.annotation.NonNull;
                                 ^
/tmp/rdisk/177/src/androidplot-core/src/main/java/com/androidplot/pie/PieLegendWidget.java:5: error: package android.support.annotation does not exist
import android.support.annotation.NonNull;
                                 ^
/tmp/rdisk/177/src/androidplot-core/src/main/java/com/androidplot/pie/PieLegendItem.java:4: error: package android.support.annotation does not exist
import android.support.annotation.NonNull;
                                 ^
/tmp/rdisk/177/src/androidplot-core/src/main/java/com/androidplot/xy/XYPlot.java:605: error: cannot find symbol
    public void centerOnDomainOrigin(@NonNull Number origin) {
                                      ^
  symbol:   class NonNull
  location: class XYPlot
/tmp/rdisk/177/src/androidplot-core/src/main/java/com/androidplot/xy/XYPlot.java:617: error: cannot find symbol
    public void centerOnDomainOrigin(@NonNull Number origin, Number extent, BoundaryMode mode) {
                                      ^
  symbol:   class NonNull
  location: class XYPlot
/tmp/rdisk/177/src/androidplot-core/src/main/java/com/androidplot/xy/XYPlot.java:636: error: cannot find symbol
    public void centerOnRangeOrigin(@NonNull Number origin) {
                                     ^
  symbol:   class NonNull
  location: class XYPlot
/tmp/rdisk/177/src/androidplot-core/src/main/java/com/androidplot/xy/XYPlot.java:649: error: cannot find symbol
    public void centerOnRangeOrigin(@NonNull Number origin, Number extent, BoundaryMode mode) {
                                     ^
  symbol:   class NonNull
  location: class XYPlot
/tmp/rdisk/177/src/androidplot-core/src/main/java/com/androidplot/xy/XYPlot.java:1046: error: cannot find symbol
    protected void setDomainFramingModel(@NonNull XYFramingModel model) {
                                          ^
  symbol:   class NonNull
  location: class XYPlot
/tmp/rdisk/177/src/androidplot-core/src/main/java/com/androidplot/xy/XYPlot.java:1051: error: cannot find symbol
    protected void setRangeFramingModel(@NonNull XYFramingModel model) {
                                         ^
  symbol:   class NonNull
  location: class XYPlot
/tmp/rdisk/177/src/androidplot-core/src/main/java/com/androidplot/Plot.java:827: error: cannot find symbol
    protected synchronized void renderOnCanvas(@Nullable Canvas canvas) {
                                                ^
  symbol:   class Nullable
  location: class Plot<SeriesType,FormatterType,RendererType,BundleType,RegistryType>
  where SeriesType,FormatterType,RendererType,BundleType,RegistryType are type-variables:
    SeriesType extends Series declared in class Plot
    FormatterType extends Formatter declared in class Plot
    RendererType extends SeriesRenderer declared in class Plot
    BundleType extends SeriesBundle<SeriesType,FormatterType> declared in class Plot
    RegistryType extends SeriesRegistry<BundleType,SeriesType,FormatterType> declared in class Plot
/tmp/rdisk/177/src/androidplot-core/src/main/java/com/androidplot/xy/XYLegendWidget.java:66: error: cannot find symbol
    protected void drawIcon(@NonNull Canvas canvas, @NonNull RectF iconRect, @NonNull XYLegendItem XYLegendItem) {
                             ^
  symbol:   class NonNull
  location: class XYLegendWidget
/tmp/rdisk/177/src/androidplot-core/src/main/java/com/androidplot/xy/XYLegendWidget.java:66: error: cannot find symbol
    protected void drawIcon(@NonNull Canvas canvas, @NonNull RectF iconRect, @NonNull XYLegendItem XYLegendItem) {
                                                     ^
  symbol:   class NonNull
  location: class XYLegendWidget
/tmp/rdisk/177/src/androidplot-core/src/main/java/com/androidplot/xy/XYLegendWidget.java:66: error: cannot find symbol
    protected void drawIcon(@NonNull Canvas canvas, @NonNull RectF iconRect, @NonNull XYLegendItem XYLegendItem) {
                                                                              ^
  symbol:   class NonNull
  location: class XYLegendWidget
/tmp/rdisk/177/src/androidplot-core/src/main/java/com/androidplot/ui/widget/LegendWidget.java:57: error: cannot find symbol
    public LegendWidget(@NonNull TableModel tableModel, @NonNull LayoutManager layoutManager,
                         ^
  symbol:   class NonNull
  location: class LegendWidget<ItemT>
  where ItemT is a type-variable:
    ItemT extends LegendItem declared in class LegendWidget
/tmp/rdisk/177/src/androidplot-core/src/main/java/com/androidplot/ui/widget/LegendWidget.java:57: error: cannot find symbol
    public LegendWidget(@NonNull TableModel tableModel, @NonNull LayoutManager layoutManager,
                                                         ^
  symbol:   class NonNull
  location: class LegendWidget<ItemT>
  where ItemT is a type-variable:
    ItemT extends LegendItem declared in class LegendWidget
/tmp/rdisk/177/src/androidplot-core/src/main/java/com/androidplot/ui/widget/LegendWidget.java:58: error: cannot find symbol
                        @NonNull Size size, @NonNull Size iconSize) {
                         ^
  symbol:   class NonNull
  location: class LegendWidget<ItemT>
  where ItemT is a type-variable:
    ItemT extends LegendItem declared in class LegendWidget
/tmp/rdisk/177/src/androidplot-core/src/main/java/com/androidplot/ui/widget/LegendWidget.java:58: error: cannot find symbol
                        @NonNull Size size, @NonNull Size iconSize) {
                                             ^
  symbol:   class NonNull
  location: class LegendWidget<ItemT>
  where ItemT is a type-variable:
    ItemT extends LegendItem declared in class LegendWidget
/tmp/rdisk/177/src/androidplot-core/src/main/java/com/androidplot/ui/widget/LegendWidget.java:80: error: cannot find symbol
    protected void drawItem(@NonNull Canvas canvas,  @NonNull RectF iconRect, @NonNull ItemT item) {
                             ^
  symbol:   class NonNull
  location: class LegendWidget<ItemT>
  where ItemT is a type-variable:
    ItemT extends LegendItem declared in class LegendWidget
/tmp/rdisk/177/src/androidplot-core/src/main/java/com/androidplot/ui/widget/LegendWidget.java:80: error: cannot find symbol
    protected void drawItem(@NonNull Canvas canvas,  @NonNull RectF iconRect, @NonNull ItemT item) {
                                                      ^
  symbol:   class NonNull
  location: class LegendWidget<ItemT>
  where ItemT is a type-variable:
    ItemT extends LegendItem declared in class LegendWidget
/tmp/rdisk/177/src/androidplot-core/src/main/java/com/androidplot/ui/widget/LegendWidget.java:80: error: cannot find symbol
    protected void drawItem(@NonNull Canvas canvas,  @NonNull RectF iconRect, @NonNull ItemT item) {
                                                                               ^
  symbol:   class NonNull
  location: class LegendWidget<ItemT>
  where ItemT is a type-variable:
    ItemT extends LegendItem declared in class LegendWidget
/tmp/rdisk/177/src/androidplot-core/src/main/java/com/androidplot/ui/widget/LegendWidget.java:90: error: cannot find symbol
    protected abstract void drawIcon(@NonNull Canvas canvas, @NonNull RectF iconRect, @NonNull ItemT item);
                                      ^
  symbol:   class NonNull
  location: class LegendWidget<ItemT>
  where ItemT is a type-variable:
    ItemT extends LegendItem declared in class LegendWidget
/tmp/rdisk/177/src/androidplot-core/src/main/java/com/androidplot/ui/widget/LegendWidget.java:90: error: cannot find symbol
    protected abstract void drawIcon(@NonNull Canvas canvas, @NonNull RectF iconRect, @NonNull ItemT item);
                                                              ^
  symbol:   class NonNull
  location: class LegendWidget<ItemT>
  where ItemT is a type-variable:
    ItemT extends LegendItem declared in class LegendWidget
/tmp/rdisk/177/src/androidplot-core/src/main/java/com/androidplot/ui/widget/LegendWidget.java:90: error: cannot find symbol
    protected abstract void drawIcon(@NonNull Canvas canvas, @NonNull RectF iconRect, @NonNull ItemT item);
                                                                                       ^
  symbol:   class NonNull
  location: class LegendWidget<ItemT>
  where ItemT is a type-variable:
    ItemT extends LegendItem declared in class LegendWidget
/tmp/rdisk/177/src/androidplot-core/src/main/java/com/androidplot/ui/widget/Widget.java:356: error: cannot find symbol
    private void checkSize(@NonNull RectF widgetRect) {
                            ^
  symbol:   class NonNull
  location: class Widget
/tmp/rdisk/177/src/androidplot-core/src/main/java/com/androidplot/ui/widget/Widget.java:371: error: cannot find symbol
    protected void onResize(@Nullable RectF oldRect, @NonNull RectF newRect) {
                             ^
  symbol:   class Nullable
  location: class Widget
/tmp/rdisk/177/src/androidplot-core/src/main/java/com/androidplot/ui/widget/Widget.java:371: error: cannot find symbol
    protected void onResize(@Nullable RectF oldRect, @NonNull RectF newRect) {
                                                      ^
  symbol:   class NonNull
  location: class Widget
/tmp/rdisk/177/src/androidplot-core/src/main/java/com/androidplot/xy/XYLegendItem.java:18: error: cannot find symbol
    public XYLegendItem(@NonNull Type cellType, @NonNull Object item, @NonNull String text) {
                         ^
  symbol:   class NonNull
  location: class XYLegendItem
/tmp/rdisk/177/src/androidplot-core/src/main/java/com/androidplot/xy/XYLegendItem.java:18: error: cannot find symbol
    public XYLegendItem(@NonNull Type cellType, @NonNull Object item, @NonNull String text) {
                                                 ^
  symbol:   class NonNull
  location: class XYLegendItem
/tmp/rdisk/177/src/androidplot-core/src/main/java/com/androidplot/xy/XYLegendItem.java:18: error: cannot find symbol
    public XYLegendItem(@NonNull Type cellType, @NonNull Object item, @NonNull String text) {
                                                                       ^
  symbol:   class NonNull
  location: class XYLegendItem
/tmp/rdisk/177/src/androidplot-core/src/main/java/com/androidplot/xy/XYGraphWidget.java:532: error: cannot find symbol
    protected void onResize(@Nullable RectF oldRect, @NonNull RectF newRect) {
                             ^
  symbol:   class Nullable
  location: class XYGraphWidget
/tmp/rdisk/177/src/androidplot-core/src/main/java/com/androidplot/xy/XYGraphWidget.java:532: error: cannot find symbol
    protected void onResize(@Nullable RectF oldRect, @NonNull RectF newRect) {
                                                      ^
  symbol:   class NonNull
  location: class XYGraphWidget
/tmp/rdisk/177/src/androidplot-core/src/main/java/com/androidplot/xy/XYConstraints.java:51: error: cannot find symbol
    public XYConstraints(@Nullable Number minX, @Nullable Number maxX, @Nullable Number minY, @Nullable Number maxY) {
                          ^
  symbol:   class Nullable
  location: class XYConstraints
/tmp/rdisk/177/src/androidplot-core/src/main/java/com/androidplot/xy/XYConstraints.java:51: error: cannot find symbol
    public XYConstraints(@Nullable Number minX, @Nullable Number maxX, @Nullable Number minY, @Nullable Number maxY) {
                                                 ^
  symbol:   class Nullable
  location: class XYConstraints
/tmp/rdisk/177/src/androidplot-core/src/main/java/com/androidplot/xy/XYConstraints.java:51: error: cannot find symbol
    public XYConstraints(@Nullable Number minX, @Nullable Number maxX, @Nullable Number minY, @Nullable Number maxY) {
                                                                        ^
  symbol:   class Nullable
  location: class XYConstraints
/tmp/rdisk/177/src/androidplot-core/src/main/java/com/androidplot/xy/XYConstraints.java:51: error: cannot find symbol
    public XYConstraints(@Nullable Number minX, @Nullable Number maxX, @Nullable Number minY, @Nullable Number maxY) {
                                                                                               ^
  symbol:   class Nullable
  location: class XYConstraints
/tmp/rdisk/177/src/androidplot-core/src/main/java/com/androidplot/xy/XYConstraints.java:58: error: cannot find symbol
    public boolean contains(@NonNull RectRegion rectRegion) {
                             ^
  symbol:   class NonNull
  location: class XYConstraints
/tmp/rdisk/177/src/androidplot-core/src/main/java/com/androidplot/xy/XYConstraints.java:91: error: cannot find symbol
    @Nullable
     ^
  symbol:   class Nullable
  location: class XYConstraints
/tmp/rdisk/177/src/androidplot-core/src/main/java/com/androidplot/xy/XYConstraints.java:96: error: cannot find symbol
    @Nullable
     ^
  symbol:   class Nullable
  location: class XYConstraints
/tmp/rdisk/177/src/androidplot-core/src/main/java/com/androidplot/xy/XYConstraints.java:101: error: cannot find symbol
    @Nullable
     ^
  symbol:   class Nullable
  location: class XYConstraints
/tmp/rdisk/177/src/androidplot-core/src/main/java/com/androidplot/xy/XYConstraints.java:106: error: cannot find symbol
    @Nullable
     ^
  symbol:   class Nullable
  location: class XYConstraints
/tmp/rdisk/177/src/androidplot-core/src/main/java/com/androidplot/xy/XYConstraints.java:111: error: cannot find symbol
    public void setMinX(@Nullable Number minX) {
                         ^
  symbol:   class Nullable
  location: class XYConstraints
/tmp/rdisk/177/src/androidplot-core/src/main/java/com/androidplot/xy/XYConstraints.java:115: error: cannot find symbol
    public void setMaxX(@Nullable Number maxX) {
                         ^
  symbol:   class Nullable
  location: class XYConstraints
/tmp/rdisk/177/src/androidplot-core/src/main/java/com/androidplot/xy/XYConstraints.java:119: error: cannot find symbol
    public void setMinY(@Nullable Number minY) {
                         ^
  symbol:   class Nullable
  location: class XYConstraints
/tmp/rdisk/177/src/androidplot-core/src/main/java/com/androidplot/xy/XYConstraints.java:123: error: cannot find symbol
    public void setMaxY(@Nullable Number maxY) {
                         ^
  symbol:   class Nullable
  location: class XYConstraints
/tmp/rdisk/177/src/androidplot-core/src/main/java/com/androidplot/xy/XYConstraints.java:127: error: cannot find symbol
    @NonNull
     ^
  symbol:   class NonNull
  location: class XYConstraints
/tmp/rdisk/177/src/androidplot-core/src/main/java/com/androidplot/xy/XYConstraints.java:132: error: cannot find symbol
    public void setDomainFramingModel(@NonNull XYFramingModel domainFramingModel) {
                                       ^
  symbol:   class NonNull
  location: class XYConstraints
/tmp/rdisk/177/src/androidplot-core/src/main/java/com/androidplot/xy/XYConstraints.java:136: error: cannot find symbol
    @NonNull
     ^
  symbol:   class NonNull
  location: class XYConstraints
/tmp/rdisk/177/src/androidplot-core/src/main/java/com/androidplot/xy/XYConstraints.java:141: error: cannot find symbol
    public void setRangeFramingModel(@NonNull XYFramingModel rangeFramingModel) {
                                      ^
  symbol:   class NonNull
  location: class XYConstraints
/tmp/rdisk/177/src/androidplot-core/src/main/java/com/androidplot/xy/XYConstraints.java:145: error: cannot find symbol
    @NonNull
     ^
  symbol:   class NonNull
  location: class XYConstraints
/tmp/rdisk/177/src/androidplot-core/src/main/java/com/androidplot/xy/XYConstraints.java:150: error: cannot find symbol
    public void setDomainUpperBoundaryMode(@NonNull BoundaryMode domainUpperBoundaryMode) {
                                            ^
  symbol:   class NonNull
  location: class XYConstraints
/tmp/rdisk/177/src/androidplot-core/src/main/java/com/androidplot/xy/XYConstraints.java:154: error: cannot find symbol
    @NonNull
     ^
  symbol:   class NonNull
  location: class XYConstraints
/tmp/rdisk/177/src/androidplot-core/src/main/java/com/androidplot/xy/XYConstraints.java:159: error: cannot find symbol
    public void setDomainLowerBoundaryMode(@NonNull BoundaryMode domainLowerBoundaryMode) {
                                            ^
  symbol:   class NonNull
  location: class XYConstraints
/tmp/rdisk/177/src/androidplot-core/src/main/java/com/androidplot/xy/XYConstraints.java:163: error: cannot find symbol
    @NonNull
     ^
  symbol:   class NonNull
  location: class XYConstraints
/tmp/rdisk/177/src/androidplot-core/src/main/java/com/androidplot/xy/XYConstraints.java:168: error: cannot find symbol
    public void setRangeUpperBoundaryMode(@NonNull BoundaryMode rangeUpperBoundaryMode) {
                                           ^
  symbol:   class NonNull
  location: class XYConstraints
/tmp/rdisk/177/src/androidplot-core/src/main/java/com/androidplot/xy/XYConstraints.java:172: error: cannot find symbol
    @NonNull
     ^
  symbol:   class NonNull
  location: class XYConstraints
/tmp/rdisk/177/src/androidplot-core/src/main/java/com/androidplot/xy/XYConstraints.java:177: error: cannot find symbol
    public void setRangeLowerBoundaryMode(@NonNull BoundaryMode rangeLowerBoundaryMode) {
                                           ^
  symbol:   class NonNull
  location: class XYConstraints
/tmp/rdisk/177/src/androidplot-core/src/main/java/com/androidplot/ui/PositionMetrics.java:52: error: cannot find symbol
    public int compareTo(@NonNull PositionMetrics o) {
                          ^
  symbol:   class NonNull
  location: class PositionMetrics
/tmp/rdisk/177/src/androidplot-core/src/main/java/com/androidplot/util/FastNumber.java:11: error: cannot find symbol
    @NonNull private final Number number;
     ^
  symbol:   class NonNull
  location: class FastNumber
/tmp/rdisk/177/src/androidplot-core/src/main/java/com/androidplot/util/FastNumber.java:25: error: cannot find symbol
    public static FastNumber orNull(@NonNull Number number) {
                                     ^
  symbol:   class NonNull
  location: class FastNumber
/tmp/rdisk/177/src/androidplot-core/src/main/java/com/androidplot/util/FastNumber.java:33: error: cannot find symbol
    private FastNumber(@NonNull Number number) {
                        ^
  symbol:   class NonNull
  location: class FastNumber
/tmp/rdisk/177/src/androidplot-core/src/main/java/com/androidplot/util/FastNumber.java:95: error: cannot find symbol
    public boolean equals(@Nullable Object o) {
                           ^
  symbol:   class Nullable
  location: class FastNumber
/tmp/rdisk/177/src/androidplot-core/src/main/java/com/androidplot/util/FastNumber.java:114: error: cannot find symbol
    @NonNull
     ^
  symbol:   class NonNull
  location: class FastNumber
/tmp/rdisk/177/src/androidplot-core/src/main/java/com/androidplot/xy/FixedSizeEditableXYSeries.java:21: error: cannot find symbol
    @NonNull
     ^
  symbol:   class NonNull
  location: class FixedSizeEditableXYSeries
/tmp/rdisk/177/src/androidplot-core/src/main/java/com/androidplot/xy/FixedSizeEditableXYSeries.java:24: error: cannot find symbol
    @NonNull
     ^
  symbol:   class NonNull
  location: class FixedSizeEditableXYSeries
/tmp/rdisk/177/src/androidplot-core/src/main/java/com/androidplot/xy/FixedSizeEditableXYSeries.java:34: error: cannot find symbol
    public void setX(@Nullable Number x, int index) {
                      ^
  symbol:   class Nullable
  location: class FixedSizeEditableXYSeries
/tmp/rdisk/177/src/androidplot-core/src/main/java/com/androidplot/xy/FixedSizeEditableXYSeries.java:39: error: cannot find symbol
    public void setY(@Nullable Number y, int index) {
                      ^
  symbol:   class Nullable
  location: class FixedSizeEditableXYSeries
/tmp/rdisk/177/src/androidplot-core/src/main/java/com/androidplot/xy/FixedSizeEditableXYSeries.java:54: error: cannot find symbol
    protected void resize(@NonNull List list, int size) {
                           ^
  symbol:   class NonNull
  location: class FixedSizeEditableXYSeries
/tmp/rdisk/177/src/androidplot-core/src/main/java/com/androidplot/xy/FastLineAndPointRenderer.java:104: error: cannot find symbol
    protected void drawSegment(@NonNull Canvas canvas,
                                ^
  symbol:   class NonNull
  location: class FastLineAndPointRenderer
/tmp/rdisk/177/src/androidplot-core/src/main/java/com/androidplot/xy/FastLineAndPointRenderer.java:105: error: cannot find symbol
                               @NonNull float[] points,
                                ^
  symbol:   class NonNull
  location: class FastLineAndPointRenderer
/tmp/rdisk/177/src/androidplot-core/src/main/java/com/androidplot/xy/FastLineAndPointRenderer.java:130: error: cannot find symbol
    protected void doDrawLegendIcon(@NonNull Canvas canvas,
                                     ^
  symbol:   class NonNull
  location: class FastLineAndPointRenderer
/tmp/rdisk/177/src/androidplot-core/src/main/java/com/androidplot/xy/FastLineAndPointRenderer.java:131: error: cannot find symbol
                                    @NonNull RectF rect,
                                     ^
  symbol:   class NonNull
  location: class FastLineAndPointRenderer
/tmp/rdisk/177/src/androidplot-core/src/main/java/com/androidplot/xy/FastLineAndPointRenderer.java:132: error: cannot find symbol
                                    @NonNull Formatter formatter) {
                                     ^
  symbol:   class NonNull
  location: class FastLineAndPointRenderer
/tmp/rdisk/177/src/androidplot-core/src/main/java/com/androidplot/pie/PieLegendWidget.java:29: error: cannot find symbol
    protected void drawIcon(@NonNull Canvas canvas, @NonNull RectF iconRect, @NonNull PieLegendItem item) {
                             ^
  symbol:   class NonNull
  location: class PieLegendWidget
/tmp/rdisk/177/src/androidplot-core/src/main/java/com/androidplot/pie/PieLegendWidget.java:29: error: cannot find symbol
    protected void drawIcon(@NonNull Canvas canvas, @NonNull RectF iconRect, @NonNull PieLegendItem item) {
                                                     ^
  symbol:   class NonNull
  location: class PieLegendWidget
/tmp/rdisk/177/src/androidplot-core/src/main/java/com/androidplot/pie/PieLegendWidget.java:29: error: cannot find symbol
    protected void drawIcon(@NonNull Canvas canvas, @NonNull RectF iconRect, @NonNull PieLegendItem item) {
                                                                              ^
  symbol:   class NonNull
  location: class PieLegendWidget
/tmp/rdisk/177/src/androidplot-core/src/main/java/com/androidplot/pie/PieLegendItem.java:17: error: cannot find symbol
    public PieLegendItem(@NonNull Segment segment, @NonNull SegmentFormatter formatter) {
                          ^
  symbol:   class NonNull
  location: class PieLegendItem
/tmp/rdisk/177/src/androidplot-core/src/main/java/com/androidplot/pie/PieLegendItem.java:17: error: cannot find symbol
    public PieLegendItem(@NonNull Segment segment, @NonNull SegmentFormatter formatter) {
                                                    ^
  symbol:   class NonNull
  location: class PieLegendItem
/tmp/rdisk/177/src/androidplot-core/src/main/java/com/androidplot/Plot.java:886: error: exception not thrown: com.androidplot.exception.PlotRenderException
     * @throws PlotRenderException
               ^
/tmp/rdisk/177/src/androidplot-core/src/main/java/com/androidplot/Plot.java:129: error: malformed HTML
     * <com.androidplot.xy.XYPlot
       ^
/tmp/rdisk/177/src/androidplot-core/src/main/java/com/androidplot/Plot.java:134: error: bad use of '>'
     * renderMode="useBackgroundThread"/>
                                        ^
/tmp/rdisk/177/src/androidplot-core/src/main/java/com/androidplot/pie/PieRenderer.java:334: error: bad use of '>'
     * Values >= 369 will be converted back into the range of 0 - 359.999...
              ^
/tmp/rdisk/177/src/androidplot-core/src/main/java/com/androidplot/util/RectFUtils.java:65: error: malformed HTML
     * be passed into the RectF constructor such that RectF.left  <= RectF.right and
                                                                  ^
/tmp/rdisk/177/src/androidplot-core/src/main/java/com/androidplot/util/RectFUtils.java:66: error: malformed HTML
     * RectF.top <= RectF.bottom.
                 ^
/tmp/rdisk/177/src/androidplot-core/src/main/java/com/androidplot/ui/Formatter.java:29: error: unterminated inline tag
 * {@code
   ^
/tmp/rdisk/177/src/androidplot-core/src/main/java/com/androidplot/ui/Formatter.java:28: error: element not closed: pre
 * <pre>
   ^
/tmp/rdisk/177/src/androidplot-core/src/main/java/com/androidplot/ui/Size.java:23: error: bad HTML entity
 * Defines physical dimensions & scaling characteristics
                               ^
/tmp/rdisk/177/src/androidplot-core/src/main/java/com/androidplot/xy/NormedXYSeries.java:39: error: bad use of '>'
         * visible on the screen. If set to true, the specified offset MUST be > -1 and < 1.  Will be
                                                                               ^
/tmp/rdisk/177/src/androidplot-core/src/main/java/com/androidplot/xy/NormedXYSeries.java:39: error: malformed HTML
         * visible on the screen. If set to true, the specified offset MUST be > -1 and < 1.  Will be
                                                                                        ^
/tmp/rdisk/177/src/androidplot-core/src/main/java/com/androidplot/xy/OrderedXYSeries.java:12: error: malformed HTML
         * x(i) < x(i+1) == true
                ^
/tmp/rdisk/177/src/androidplot-core/src/main/java/com/androidplot/xy/OrderedXYSeries.java:18: error: bad use of '>'
         * x(i) > x(i+1) == true
                ^
/tmp/rdisk/177/src/androidplot-core/src/main/java/com/androidplot/xy/SampledXYSeries.java:17: error: malformed HTML
 * Threshold: A value < the original series size; controls the lower limit at which point sampling should stop.
                      ^
/tmp/rdisk/177/src/androidplot-core/src/main/java/com/androidplot/xy/SampledXYSeries.java:62: error: bad use of '>'
     * @param ratio The ratio used to determine the size of each new sampled series.  Must be > 1.
                                                                                              ^
/tmp/rdisk/177/src/androidplot-core/src/main/java/com/androidplot/xy/SampledXYSeries.java:64: error: malformed HTML
     * @param threshold The desired size of the smallest sample series.  Must be < rawData.size.
                                                                                 ^
/tmp/rdisk/177/src/androidplot-core/src/main/java/com/androidplot/xy/SampledXYSeries.java:47: error: bad use of '>'
     * @param ratio The ratio used to determine the size of each new sampled series.  Must be > 1.
                                                                                              ^
/tmp/rdisk/177/src/androidplot-core/src/main/java/com/androidplot/xy/SampledXYSeries.java:49: error: malformed HTML
     * @param threshold The desired size of the smallest sample series.  Must be < rawData.size.
                                                                                 ^
javadoc: error - Error while reading file src/main/java/overview.html

19 errors
100 warnings
:androidplot-core:javadocJar
:androidplot-core:sourcesJar
:androidplot-core:generateDebugRFile
:androidplot-core:generateDebugSources
:androidplot-core:compileDebugJavaWithJavacNote: Some input files use or override a deprecated API.
Note: Recompile with -Xlint:deprecation for details.
Note: Some input files use unchecked or unsafe operations.
Note: Recompile with -Xlint:unchecked for details.

:androidplot-core:extractDebugAnnotations
:androidplot-core:transformResourcesWithMergeJavaResForDebug
:androidplot-core:transformClassesAndResourcesWithSyncLibJarsForDebug
:androidplot-core:bundleDebug
:androidplot-core:compileDebugSources
:androidplot-core:assembleDebug
:androidplot-core:generateReleaseRFile
:androidplot-core:generateReleaseSources
:androidplot-core:compileReleaseJavaWithJavacNote: Some input files use or override a deprecated API.
Note: Recompile with -Xlint:deprecation for details.
Note: Some input files use unchecked or unsafe operations.
Note: Recompile with -Xlint:unchecked for details.

:androidplot-core:extractReleaseAnnotations
:androidplot-core:transformResourcesWithMergeJavaResForRelease
:androidplot-core:transformClassesAndResourcesWithSyncLibJarsForRelease
:androidplot-core:bundleRelease
:androidplot-core:compileReleaseSources
:androidplot-core:assembleRelease
:androidplot-core:assemble
:androidplot-core:build

Deprecated Gradle features were used in this build, making it incompatible with Gradle 5.0.
See https://docs.gradle.org/4.6/userguide/command_line_interface.html#sec:command_line_warnings

BUILD SUCCESSFUL in 20s
51 actionable tasks: 51 executed

2018-05-15 05:43:25,131 INFO  ProjectTaskService - Detecting possible tasks...
2018-05-15 05:43:25,131 INFO  SysUtils - Execute command: [/tmp/rdisk/177/src/gradlew, -b, /tmp/rdisk/177/src/demoapp-wearable/build.gradle, -Dorg.gradle.daemon=false, -Dorg.gradle.daemon.performance.enable-monitoring=false, -Dorg.gradle.configureondemand=true, tasks]
2018-05-15 05:43:30,791 ERROR ProjectTaskService - Could not detect possible Gradle tasks: Process exited with an error: 1 (Exit value: 1)
2018-05-15 05:43:30,791 INFO  ProjectTaskService - Detected possible tasks: 0
2018-05-15 05:43:30,791 INFO  ProjectTaskService - Excluded tasks (0): none
2018-05-15 05:43:30,791 INFO  SysUtils - Execute command: [/tmp/rdisk/177/src/gradlew, -b, /tmp/rdisk/177/src/demoapp-wearable/build.gradle, -Dorg.gradle.daemon=false, -Dorg.gradle.daemon.performance.enable-monitoring=false, -Dorg.gradle.configureondemand=true, --stacktrace, build]
2018-05-15 05:43:35,541 ERROR SysUtils - Could not process external command
org.apache.commons.exec.ExecuteException: Process exited with an error: 1 (Exit value: 1)
	at org.apache.commons.exec.DefaultExecutor.executeInternal(DefaultExecutor.java:404)
	at org.apache.commons.exec.DefaultExecutor.execute(DefaultExecutor.java:166)
	at com.github.vbauer.apkmaster.util.SysUtils.execute(SysUtils.java:67)
	at com.github.vbauer.apkmaster.util.SysUtils.executeSimple(SysUtils.java:43)
	at com.github.vbauer.apkmaster.service.assembly.ProjectBuildService.buildProject(ProjectBuildService.java:78)
	at com.github.vbauer.apkmaster.service.assembly.ProjectBuildService.buildProject(ProjectBuildService.java:64)
	at com.github.vbauer.apkmaster.service.assembly.ProjectBuildService.buildProject(ProjectBuildService.java:43)
	at com.github.vbauer.apkmaster.service.FullProcessService.build(FullProcessService.java:84)
	at com.github.vbauer.apkmaster.service.FullProcessService.process(FullProcessService.java:34)
	at com.github.vbauer.apkmaster.app.MainApplication.process(MainApplication.java:38)
	at com.github.vbauer.apkmaster.app.MainApplication.main(MainApplication.java:20)
	at sun.reflect.GeneratedMethodAccessor9.invoke(Unknown Source)
	at sun.reflect.DelegatingMethodAccessorImpl.invoke(DelegatingMethodAccessorImpl.java:43)
	at java.lang.reflect.Method.invoke(Method.java:498)
	at com.android.arsenal.util.ReflectionUtils.invoke(ReflectionUtils.java:42)
	at com.android.arsenal.util.ApkMasterUtils.main(ApkMasterUtils.java:30)
	at com.android.arsenal.service.processor.impl.BuildProcessorServiceImpl.buildProject(BuildProcessorServiceImpl.java:197)
	at com.android.arsenal.service.processor.impl.BuildProcessorServiceImpl.build(BuildProcessorServiceImpl.java:131)
	at com.android.arsenal.service.processor.impl.BuildProcessorServiceImpl.lambda$null$1(BuildProcessorServiceImpl.java:114)
	at java.util.concurrent.FutureTask.run(FutureTask.java:266)
	at java.util.concurrent.Executors$RunnableAdapter.call(Executors.java:511)
	at java.util.concurrent.FutureTask.run(FutureTask.java:266)
	at java.util.concurrent.ThreadPoolExecutor.runWorker(ThreadPoolExecutor.java:1149)
	at java.util.concurrent.ThreadPoolExecutor$Worker.run(ThreadPoolExecutor.java:624)
	at java.lang.Thread.run(Thread.java:748)
2018-05-15 05:43:35,542 INFO  SysUtils - Configuration on demand is an incubating feature.
Project evaluation failed including an error in afterEvaluate {}.
java.lang.IllegalStateException: compileSdkVersion is not specified.
	at com.google.common.base.Preconditions.checkState(Preconditions.java:456)
	at com.android.build.gradle.BasePlugin.createAndroidTasks(BasePlugin.java:690)
	at com.android.build.gradle.BasePlugin.lambda$null$4(BasePlugin.java:650)
	at com.android.builder.profile.ThreadRecorder.record(ThreadRecorder.java:81)
	at com.android.build.gradle.BasePlugin.lambda$createTasks$5(BasePlugin.java:646)
	at org.gradle.internal.event.BroadcastDispatch$ActionInvocationHandler.dispatch(BroadcastDispatch.java:91)
	at org.gradle.internal.event.BroadcastDispatch$ActionInvocationHandler.dispatch(BroadcastDispatch.java:80)
	at org.gradle.internal.event.AbstractBroadcastDispatch.dispatch(AbstractBroadcastDispatch.java:42)
	at org.gradle.internal.event.BroadcastDispatch$SingletonDispatch.dispatch(BroadcastDispatch.java:230)
	at org.gradle.internal.event.BroadcastDispatch$SingletonDispatch.dispatch(BroadcastDispatch.java:149)
	at org.gradle.internal.event.AbstractBroadcastDispatch.dispatch(AbstractBroadcastDispatch.java:58)
	at org.gradle.internal.event.BroadcastDispatch$CompositeDispatch.dispatch(BroadcastDispatch.java:324)
	at org.gradle.internal.event.BroadcastDispatch$CompositeDispatch.dispatch(BroadcastDispatch.java:234)
	at org.gradle.internal.event.ListenerBroadcast.dispatch(ListenerBroadcast.java:140)
	at org.gradle.internal.event.ListenerBroadcast.dispatch(ListenerBroadcast.java:37)
	at org.gradle.internal.dispatch.ProxyDispatchAdapter$DispatchingInvocationHandler.invoke(ProxyDispatchAdapter.java:93)
	at com.sun.proxy.$Proxy23.afterEvaluate(Unknown Source)
	at org.gradle.configuration.project.LifecycleProjectEvaluator.notifyAfterEvaluate(LifecycleProjectEvaluator.java:76)
	at org.gradle.configuration.project.LifecycleProjectEvaluator.doConfigure(LifecycleProjectEvaluator.java:70)
	at org.gradle.configuration.project.LifecycleProjectEvaluator.access$100(LifecycleProjectEvaluator.java:34)
	at org.gradle.configuration.project.LifecycleProjectEvaluator$ConfigureProject.run(LifecycleProjectEvaluator.java:110)
	at org.gradle.internal.progress.DefaultBuildOperationExecutor$RunnableBuildOperationWorker.execute(DefaultBuildOperationExecutor.java:336)
	at org.gradle.internal.progress.DefaultBuildOperationExecutor$RunnableBuildOperationWorker.execute(DefaultBuildOperationExecutor.java:328)
	at org.gradle.internal.progress.DefaultBuildOperationExecutor.execute(DefaultBuildOperationExecutor.java:199)
	at org.gradle.internal.progress.DefaultBuildOperationExecutor.run(DefaultBuildOperationExecutor.java:110)
	at org.gradle.configuration.project.LifecycleProjectEvaluator.evaluate(LifecycleProjectEvaluator.java:50)
	at org.gradle.api.internal.project.DefaultProject.evaluate(DefaultProject.java:667)
	at org.gradle.api.internal.project.DefaultProject.evaluate(DefaultProject.java:136)
	at org.gradle.execution.TaskPathProjectEvaluator.configure(TaskPathProjectEvaluator.java:35)
	at org.gradle.configuration.DefaultBuildConfigurer.configure(DefaultBuildConfigurer.java:36)
	at org.gradle.initialization.DefaultGradleLauncher$ConfigureBuild.run(DefaultGradleLauncher.java:261)
	at org.gradle.internal.progress.DefaultBuildOperationExecutor$RunnableBuildOperationWorker.execute(DefaultBuildOperationExecutor.java:336)
	at org.gradle.internal.progress.DefaultBuildOperationExecutor$RunnableBuildOperationWorker.execute(DefaultBuildOperationExecutor.java:328)
	at org.gradle.internal.progress.DefaultBuildOperationExecutor.execute(DefaultBuildOperationExecutor.java:199)
	at org.gradle.internal.progress.DefaultBuildOperationExecutor.run(DefaultBuildOperationExecutor.java:110)
	at org.gradle.initialization.DefaultGradleLauncher.configureBuild(DefaultGradleLauncher.java:173)
	at org.gradle.initialization.DefaultGradleLauncher.doBuildStages(DefaultGradleLauncher.java:132)
	at org.gradle.initialization.DefaultGradleLauncher.executeTasks(DefaultGradleLauncher.java:115)
	at org.gradle.internal.invocation.GradleBuildController$1.call(GradleBuildController.java:78)
	at org.gradle.internal.invocation.GradleBuildController$1.call(GradleBuildController.java:75)
	at org.gradle.internal.work.DefaultWorkerLeaseService.withLocks(DefaultWorkerLeaseService.java:152)
	at org.gradle.internal.invocation.GradleBuildController.doBuild(GradleBuildController.java:100)
	at org.gradle.internal.invocation.GradleBuildController.run(GradleBuildController.java:75)
	at org.gradle.tooling.internal.provider.ExecuteBuildActionRunner.run(ExecuteBuildActionRunner.java:28)
	at org.gradle.launcher.exec.ChainingBuildActionRunner.run(ChainingBuildActionRunner.java:35)
	at org.gradle.tooling.internal.provider.ValidatingBuildActionRunner.run(ValidatingBuildActionRunner.java:32)
	at org.gradle.launcher.exec.RunAsBuildOperationBuildActionRunner$1.run(RunAsBuildOperationBuildActionRunner.java:43)
	at org.gradle.internal.progress.DefaultBuildOperationExecutor$RunnableBuildOperationWorker.execute(DefaultBuildOperationExecutor.java:336)
	at org.gradle.internal.progress.DefaultBuildOperationExecutor$RunnableBuildOperationWorker.execute(DefaultBuildOperationExecutor.java:328)
	at org.gradle.internal.progress.DefaultBuildOperationExecutor.execute(DefaultBuildOperationExecutor.java:199)
	at org.gradle.internal.progress.DefaultBuildOperationExecutor.run(DefaultBuildOperationExecutor.java:110)
	at org.gradle.launcher.exec.RunAsBuildOperationBuildActionRunner.run(RunAsBuildOperationBuildActionRunner.java:40)
	at org.gradle.tooling.internal.provider.SubscribableBuildActionRunner.run(SubscribableBuildActionRunner.java:51)
	at org.gradle.launcher.exec.InProcessBuildActionExecuter.execute(InProcessBuildActionExecuter.java:49)
	at org.gradle.launcher.exec.InProcessBuildActionExecuter.execute(InProcessBuildActionExecuter.java:32)
	at org.gradle.launcher.exec.BuildTreeScopeBuildActionExecuter.execute(BuildTreeScopeBuildActionExecuter.java:39)
	at org.gradle.launcher.exec.BuildTreeScopeBuildActionExecuter.execute(BuildTreeScopeBuildActionExecuter.java:25)
	at org.gradle.tooling.internal.provider.ContinuousBuildActionExecuter.execute(ContinuousBuildActionExecuter.java:80)
	at org.gradle.tooling.internal.provider.ContinuousBuildActionExecuter.execute(ContinuousBuildActionExecuter.java:53)
	at org.gradle.tooling.internal.provider.ServicesSetupBuildActionExecuter.execute(ServicesSetupBuildActionExecuter.java:57)
	at org.gradle.tooling.internal.provider.ServicesSetupBuildActionExecuter.execute(ServicesSetupBuildActionExecuter.java:32)
	at org.gradle.tooling.internal.provider.GradleThreadBuildActionExecuter.execute(GradleThreadBuildActionExecuter.java:36)
	at org.gradle.tooling.internal.provider.GradleThreadBuildActionExecuter.execute(GradleThreadBuildActionExecuter.java:25)
	at org.gradle.tooling.internal.provider.ParallelismConfigurationBuildActionExecuter.execute(ParallelismConfigurationBuildActionExecuter.java:43)
	at org.gradle.tooling.internal.provider.ParallelismConfigurationBuildActionExecuter.execute(ParallelismConfigurationBuildActionExecuter.java:29)
	at org.gradle.tooling.internal.provider.StartParamsValidatingActionExecuter.execute(StartParamsValidatingActionExecuter.java:64)
	at org.gradle.tooling.internal.provider.StartParamsValidatingActionExecuter.execute(StartParamsValidatingActionExecuter.java:29)
	at org.gradle.tooling.internal.provider.SessionFailureReportingActionExecuter.execute(SessionFailureReportingActionExecuter.java:59)
	at org.gradle.tooling.internal.provider.SessionFailureReportingActionExecuter.execute(SessionFailureReportingActionExecuter.java:44)
	at org.gradle.tooling.internal.provider.SetupLoggingActionExecuter.execute(SetupLoggingActionExecuter.java:45)
	at org.gradle.tooling.internal.provider.SetupLoggingActionExecuter.execute(SetupLoggingActionExecuter.java:30)
	at org.gradle.launcher.cli.RunBuildAction.run(RunBuildAction.java:51)
	at org.gradle.internal.Actions$RunnableActionAdapter.execute(Actions.java:173)
	at org.gradle.launcher.cli.CommandLineActionFactory$ParseAndBuildAction.execute(CommandLineActionFactory.java:285)
	at org.gradle.launcher.cli.CommandLineActionFactory$ParseAndBuildAction.execute(CommandLineActionFactory.java:258)
	at org.gradle.launcher.cli.ExceptionReportingAction.execute(ExceptionReportingAction.java:33)
	at org.gradle.launcher.cli.ExceptionReportingAction.execute(ExceptionReportingAction.java:22)
	at org.gradle.launcher.cli.CommandLineActionFactory$WithLogging.execute(CommandLineActionFactory.java:251)
	at org.gradle.launcher.cli.CommandLineActionFactory$WithLogging.execute(CommandLineActionFactory.java:185)
	at org.gradle.launcher.Main.doAction(Main.java:36)
	at org.gradle.launcher.bootstrap.EntryPoint.run(EntryPoint.java:45)
	at sun.reflect.NativeMethodAccessorImpl.invoke0(Native Method)
	at sun.reflect.NativeMethodAccessorImpl.invoke(NativeMethodAccessorImpl.java:62)
	at sun.reflect.DelegatingMethodAccessorImpl.invoke(DelegatingMethodAccessorImpl.java:43)
	at java.lang.reflect.Method.invoke(Method.java:498)
	at org.gradle.launcher.bootstrap.ProcessBootstrap.runNoExit(ProcessBootstrap.java:60)
	at org.gradle.launcher.bootstrap.ProcessBootstrap.run(ProcessBootstrap.java:37)
	at org.gradle.launcher.GradleMain.main(GradleMain.java:23)
	at sun.reflect.NativeMethodAccessorImpl.invoke0(Native Method)
	at sun.reflect.NativeMethodAccessorImpl.invoke(NativeMethodAccessorImpl.java:62)
	at sun.reflect.DelegatingMethodAccessorImpl.invoke(DelegatingMethodAccessorImpl.java:43)
	at java.lang.reflect.Method.invoke(Method.java:498)
	at org.gradle.wrapper.BootstrapMainStarter.start(BootstrapMainStarter.java:30)
	at org.gradle.wrapper.WrapperExecutor.execute(WrapperExecutor.java:127)
	at org.gradle.wrapper.GradleWrapperMain.main(GradleWrapperMain.java:61)

FAILURE: Build failed with an exception.

* Where:
Build file '/tmp/rdisk/177/src/demoapp-wearable/build.gradle' line: 33

* What went wrong:
A problem occurred evaluating root project 'demoapp-wearable'.
> Could not get unknown property 'theCompileSdkVersion' for object of type com.android.build.gradle.AppExtension.

* Try:
Run with --info or --debug option to get more log output. Run with --scan to get full insights.

* Exception is:
org.gradle.api.GradleScriptException: A problem occurred evaluating root project 'demoapp-wearable'.
	at org.gradle.groovy.scripts.internal.DefaultScriptRunnerFactory$ScriptRunnerImpl.run(DefaultScriptRunnerFactory.java:92)
	at org.gradle.configuration.DefaultScriptPluginFactory$ScriptPluginImpl$2.run(DefaultScriptPluginFactory.java:204)
	at org.gradle.configuration.ProjectScriptTarget.addConfiguration(ProjectScriptTarget.java:77)
	at org.gradle.configuration.DefaultScriptPluginFactory$ScriptPluginImpl.apply(DefaultScriptPluginFactory.java:209)
	at org.gradle.configuration.BuildOperationScriptPlugin$1.run(BuildOperationScriptPlugin.java:61)
	at org.gradle.internal.progress.DefaultBuildOperationExecutor$RunnableBuildOperationWorker.execute(DefaultBuildOperationExecutor.java:336)
	at org.gradle.internal.progress.DefaultBuildOperationExecutor$RunnableBuildOperationWorker.execute(DefaultBuildOperationExecutor.java:328)
	at org.gradle.internal.progress.DefaultBuildOperationExecutor.execute(DefaultBuildOperationExecutor.java:199)
	at org.gradle.internal.progress.DefaultBuildOperationExecutor.run(DefaultBuildOperationExecutor.java:110)
	at org.gradle.configuration.BuildOperationScriptPlugin.apply(BuildOperationScriptPlugin.java:58)
	at org.gradle.configuration.project.BuildScriptProcessor.execute(BuildScriptProcessor.java:41)
	at org.gradle.configuration.project.BuildScriptProcessor.execute(BuildScriptProcessor.java:26)
	at org.gradle.configuration.project.ConfigureActionsProjectEvaluator.evaluate(ConfigureActionsProjectEvaluator.java:34)
	at org.gradle.configuration.project.LifecycleProjectEvaluator.doConfigure(LifecycleProjectEvaluator.java:64)
	at org.gradle.configuration.project.LifecycleProjectEvaluator.access$100(LifecycleProjectEvaluator.java:34)
	at org.gradle.configuration.project.LifecycleProjectEvaluator$ConfigureProject.run(LifecycleProjectEvaluator.java:110)
	at org.gradle.internal.progress.DefaultBuildOperationExecutor$RunnableBuildOperationWorker.execute(DefaultBuildOperationExecutor.java:336)
	at org.gradle.internal.progress.DefaultBuildOperationExecutor$RunnableBuildOperationWorker.execute(DefaultBuildOperationExecutor.java:328)
	at org.gradle.internal.progress.DefaultBuildOperationExecutor.execute(DefaultBuildOperationExecutor.java:199)
	at org.gradle.internal.progress.DefaultBuildOperationExecutor.run(DefaultBuildOperationExecutor.java:110)
	at org.gradle.configuration.project.LifecycleProjectEvaluator.evaluate(LifecycleProjectEvaluator.java:50)
	at org.gradle.api.internal.project.DefaultProject.evaluate(DefaultProject.java:667)
	at org.gradle.api.internal.project.DefaultProject.evaluate(DefaultProject.java:136)
	at org.gradle.execution.TaskPathProjectEvaluator.configure(TaskPathProjectEvaluator.java:35)
	at org.gradle.configuration.DefaultBuildConfigurer.configure(DefaultBuildConfigurer.java:36)
	at org.gradle.initialization.DefaultGradleLauncher$ConfigureBuild.run(DefaultGradleLauncher.java:261)
	at org.gradle.internal.progress.DefaultBuildOperationExecutor$RunnableBuildOperationWorker.execute(DefaultBuildOperationExecutor.java:336)
	at org.gradle.internal.progress.DefaultBuildOperationExecutor$RunnableBuildOperationWorker.execute(DefaultBuildOperationExecutor.java:328)
	at org.gradle.internal.progress.DefaultBuildOperationExecutor.execute(DefaultBuildOperationExecutor.java:199)
	at org.gradle.internal.progress.DefaultBuildOperationExecutor.run(DefaultBuildOperationExecutor.java:110)
	at org.gradle.initialization.DefaultGradleLauncher.configureBuild(DefaultGradleLauncher.java:173)
	at org.gradle.initialization.DefaultGradleLauncher.doBuildStages(DefaultGradleLauncher.java:132)
	at org.gradle.initialization.DefaultGradleLauncher.executeTasks(DefaultGradleLauncher.java:115)
	at org.gradle.internal.invocation.GradleBuildController$1.call(GradleBuildController.java:78)
	at org.gradle.internal.invocation.GradleBuildController$1.call(GradleBuildController.java:75)
	at org.gradle.internal.work.DefaultWorkerLeaseService.withLocks(DefaultWorkerLeaseService.java:152)
	at org.gradle.internal.invocation.GradleBuildController.doBuild(GradleBuildController.java:100)
	at org.gradle.internal.invocation.GradleBuildController.run(GradleBuildController.java:75)
	at org.gradle.tooling.internal.provider.ExecuteBuildActionRunner.run(ExecuteBuildActionRunner.java:28)
	at org.gradle.launcher.exec.ChainingBuildActionRunner.run(ChainingBuildActionRunner.java:35)
	at org.gradle.tooling.internal.provider.ValidatingBuildActionRunner.run(ValidatingBuildActionRunner.java:32)
	at org.gradle.launcher.exec.RunAsBuildOperationBuildActionRunner$1.run(RunAsBuildOperationBuildActionRunner.java:43)
	at org.gradle.internal.progress.DefaultBuildOperationExecutor$RunnableBuildOperationWorker.execute(DefaultBuildOperationExecutor.java:336)
	at org.gradle.internal.progress.DefaultBuildOperationExecutor$RunnableBuildOperationWorker.execute(DefaultBuildOperationExecutor.java:328)
	at org.gradle.internal.progress.DefaultBuildOperationExecutor.execute(DefaultBuildOperationExecutor.java:199)
	at org.gradle.internal.progress.DefaultBuildOperationExecutor.run(DefaultBuildOperationExecutor.java:110)
	at org.gradle.launcher.exec.RunAsBuildOperationBuildActionRunner.run(RunAsBuildOperationBuildActionRunner.java:40)
	at org.gradle.tooling.internal.provider.SubscribableBuildActionRunner.run(SubscribableBuildActionRunner.java:51)
	at org.gradle.launcher.exec.InProcessBuildActionExecuter.execute(InProcessBuildActionExecuter.java:49)
	at org.gradle.launcher.exec.InProcessBuildActionExecuter.execute(InProcessBuildActionExecuter.java:32)
	at org.gradle.launcher.exec.BuildTreeScopeBuildActionExecuter.execute(BuildTreeScopeBuildActionExecuter.java:39)
	at org.gradle.launcher.exec.BuildTreeScopeBuildActionExecuter.execute(BuildTreeScopeBuildActionExecuter.java:25)
	at org.gradle.tooling.internal.provider.ContinuousBuildActionExecuter.execute(ContinuousBuildActionExecuter.java:80)
	at org.gradle.tooling.internal.provider.ContinuousBuildActionExecuter.execute(ContinuousBuildActionExecuter.java:53)
	at org.gradle.tooling.internal.provider.ServicesSetupBuildActionExecuter.execute(ServicesSetupBuildActionExecuter.java:57)
	at org.gradle.tooling.internal.provider.ServicesSetupBuildActionExecuter.execute(ServicesSetupBuildActionExecuter.java:32)
	at org.gradle.tooling.internal.provider.GradleThreadBuildActionExecuter.execute(GradleThreadBuildActionExecuter.java:36)
	at org.gradle.tooling.internal.provider.GradleThreadBuildActionExecuter.execute(GradleThreadBuildActionExecuter.java:25)
	at org.gradle.tooling.internal.provider.ParallelismConfigurationBuildActionExecuter.execute(ParallelismConfigurationBuildActionExecuter.java:43)
	at org.gradle.tooling.internal.provider.ParallelismConfigurationBuildActionExecuter.execute(ParallelismConfigurationBuildActionExecuter.java:29)
	at org.gradle.tooling.internal.provider.StartParamsValidatingActionExecuter.execute(StartParamsValidatingActionExecuter.java:64)
	at org.gradle.tooling.internal.provider.StartParamsValidatingActionExecuter.execute(StartParamsValidatingActionExecuter.java:29)
	at org.gradle.tooling.internal.provider.SessionFailureReportingActionExecuter.execute(SessionFailureReportingActionExecuter.java:59)
	at org.gradle.tooling.internal.provider.SessionFailureReportingActionExecuter.execute(SessionFailureReportingActionExecuter.java:44)
	at org.gradle.tooling.internal.provider.SetupLoggingActionExecuter.execute(SetupLoggingActionExecuter.java:45)
	at org.gradle.tooling.internal.provider.SetupLoggingActionExecuter.execute(SetupLoggingActionExecuter.java:30)
	at org.gradle.launcher.cli.RunBuildAction.run(RunBuildAction.java:51)
	at org.gradle.internal.Actions$RunnableActionAdapter.execute(Actions.java:173)
	at org.gradle.launcher.cli.CommandLineActionFactory$ParseAndBuildAction.execute(CommandLineActionFactory.java:285)
	at org.gradle.launcher.cli.CommandLineActionFactory$ParseAndBuildAction.execute(CommandLineActionFactory.java:258)
	at org.gradle.launcher.cli.ExceptionReportingAction.execute(ExceptionReportingAction.java:33)
	at org.gradle.launcher.cli.ExceptionReportingAction.execute(ExceptionReportingAction.java:22)
	at org.gradle.launcher.cli.CommandLineActionFactory$WithLogging.execute(CommandLineActionFactory.java:251)
	at org.gradle.launcher.cli.CommandLineActionFactory$WithLogging.execute(CommandLineActionFactory.java:185)
	at org.gradle.launcher.Main.doAction(Main.java:36)
	at org.gradle.launcher.bootstrap.EntryPoint.run(EntryPoint.java:45)
	at org.gradle.launcher.bootstrap.ProcessBootstrap.runNoExit(ProcessBootstrap.java:60)
	at org.gradle.launcher.bootstrap.ProcessBootstrap.run(ProcessBootstrap.java:37)
	at org.gradle.launcher.GradleMain.main(GradleMain.java:23)
	at org.gradle.wrapper.BootstrapMainStarter.start(BootstrapMainStarter.java:30)
	at org.gradle.wrapper.WrapperExecutor.execute(WrapperExecutor.java:127)
	at org.gradle.wrapper.GradleWrapperMain.main(GradleWrapperMain.java:61)
Caused by: groovy.lang.MissingPropertyException: Could not get unknown property 'theCompileSdkVersion' for object of type com.android.build.gradle.AppExtension.
	at org.gradle.internal.metaobject.AbstractDynamicObject.getMissingProperty(AbstractDynamicObject.java:86)
	at org.gradle.internal.metaobject.ConfigureDelegate.getProperty(ConfigureDelegate.java:130)
	at build_9pdmp1vokzgd2hwdul37x5dj0$_run_closure2.doCall(/tmp/rdisk/177/src/demoapp-wearable/build.gradle:33)
	at org.gradle.api.internal.ClosureBackedAction.execute(ClosureBackedAction.java:71)
	at org.gradle.util.ConfigureUtil.configureTarget(ConfigureUtil.java:160)
	at org.gradle.util.ConfigureUtil.configure(ConfigureUtil.java:106)
	at org.gradle.util.ConfigureUtil$1.execute(ConfigureUtil.java:123)
	at org.gradle.api.internal.plugins.ExtensionsStorage$ExtensionHolder.configure(ExtensionsStorage.java:183)
	at org.gradle.api.internal.plugins.ExtensionsStorage.configureExtension(ExtensionsStorage.java:67)
	at org.gradle.api.internal.plugins.DefaultConvention.configureExtension(DefaultConvention.java:399)
	at org.gradle.api.internal.plugins.DefaultConvention.access$500(DefaultConvention.java:45)
	at org.gradle.api.internal.plugins.DefaultConvention$ExtensionsDynamicObject.tryInvokeMethod(DefaultConvention.java:336)
	at org.gradle.internal.metaobject.CompositeDynamicObject.tryInvokeMethod(CompositeDynamicObject.java:98)
	at org.gradle.internal.metaobject.MixInClosurePropertiesAsMethodsDynamicObject.tryInvokeMethod(MixInClosurePropertiesAsMethodsDynamicObject.java:30)
	at org.gradle.groovy.scripts.BasicScript$ScriptDynamicObject.tryInvokeMethod(BasicScript.java:134)
	at org.gradle.internal.metaobject.AbstractDynamicObject.invokeMethod(AbstractDynamicObject.java:160)
	at org.gradle.groovy.scripts.BasicScript.invokeMethod(BasicScript.java:83)
	at build_9pdmp1vokzgd2hwdul37x5dj0.run(/tmp/rdisk/177/src/demoapp-wearable/build.gradle:32)
	at org.gradle.groovy.scripts.internal.DefaultScriptRunnerFactory$ScriptRunnerImpl.run(DefaultScriptRunnerFactory.java:90)
	... 81 more


* Get more help at https://help.gradle.org

Deprecated Gradle features were used in this build, making it incompatible with Gradle 5.0.
See https://docs.gradle.org/4.6/userguide/command_line_interface.html#sec:command_line_warnings

BUILD FAILED in 4s

2018-05-15 05:43:35,564 INFO  ProjectTaskService - Detecting possible tasks...
2018-05-15 05:43:35,564 INFO  SysUtils - Execute command: [/tmp/rdisk/177/src/gradlew, -b, /tmp/rdisk/177/src/demoapp/build.gradle, -Dorg.gradle.daemon=false, -Dorg.gradle.daemon.performance.enable-monitoring=false, -Dorg.gradle.configureondemand=true, tasks]
2018-05-15 05:43:50,956 INFO  ProjectTaskService - Detected possible tasks: 74
2018-05-15 05:43:50,956 INFO  ProjectTaskService - Excluded tasks (19): lintDebug mockableAndroidJar deviceCheck lint testReleaseUnitTest uninstallRelease deviceAndroidTest uninstallDebugAndroidTest installDebugAndroidTest connectedCheck connectedDebugAndroidTest uninstallAll test check testDebugUnitTest connectedAndroidTest installDebug lintRelease uninstallDebug
2018-05-15 05:43:50,957 INFO  SysUtils - Execute command: [/tmp/rdisk/177/src/gradlew, -b, /tmp/rdisk/177/src/demoapp/build.gradle, -Dorg.gradle.daemon=false, -Dorg.gradle.daemon.performance.enable-monitoring=false, -Dorg.gradle.configureondemand=true, --stacktrace, -x, lintDebug, -x, mockableAndroidJar, -x, deviceCheck, -x, lint, -x, testReleaseUnitTest, -x, uninstallRelease, -x, deviceAndroidTest, -x, uninstallDebugAndroidTest, -x, installDebugAndroidTest, -x, connectedCheck, -x, connectedDebugAndroidTest, -x, uninstallAll, -x, test, -x, check, -x, testDebugUnitTest, -x, connectedAndroidTest, -x, installDebug, -x, lintRelease, -x, uninstallDebug, build]
2018-05-15 05:44:22,475 ERROR SysUtils - Could not process external command
org.apache.commons.exec.ExecuteException: Process exited with an error: 1 (Exit value: 1)
	at org.apache.commons.exec.DefaultExecutor.executeInternal(DefaultExecutor.java:404)
	at org.apache.commons.exec.DefaultExecutor.execute(DefaultExecutor.java:166)
	at com.github.vbauer.apkmaster.util.SysUtils.execute(SysUtils.java:67)
	at com.github.vbauer.apkmaster.util.SysUtils.executeSimple(SysUtils.java:43)
	at com.github.vbauer.apkmaster.service.assembly.ProjectBuildService.buildProject(ProjectBuildService.java:78)
	at com.github.vbauer.apkmaster.service.assembly.ProjectBuildService.buildProject(ProjectBuildService.java:64)
	at com.github.vbauer.apkmaster.service.assembly.ProjectBuildService.buildProject(ProjectBuildService.java:43)
	at com.github.vbauer.apkmaster.service.FullProcessService.build(FullProcessService.java:84)
	at com.github.vbauer.apkmaster.service.FullProcessService.process(FullProcessService.java:34)
	at com.github.vbauer.apkmaster.app.MainApplication.process(MainApplication.java:38)
	at com.github.vbauer.apkmaster.app.MainApplication.main(MainApplication.java:20)
	at sun.reflect.GeneratedMethodAccessor9.invoke(Unknown Source)
	at sun.reflect.DelegatingMethodAccessorImpl.invoke(DelegatingMethodAccessorImpl.java:43)
	at java.lang.reflect.Method.invoke(Method.java:498)
	at com.android.arsenal.util.ReflectionUtils.invoke(ReflectionUtils.java:42)
	at com.android.arsenal.util.ApkMasterUtils.main(ApkMasterUtils.java:30)
	at com.android.arsenal.service.processor.impl.BuildProcessorServiceImpl.buildProject(BuildProcessorServiceImpl.java:197)
	at com.android.arsenal.service.processor.impl.BuildProcessorServiceImpl.build(BuildProcessorServiceImpl.java:131)
	at com.android.arsenal.service.processor.impl.BuildProcessorServiceImpl.lambda$null$1(BuildProcessorServiceImpl.java:114)
	at java.util.concurrent.FutureTask.run(FutureTask.java:266)
	at java.util.concurrent.Executors$RunnableAdapter.call(Executors.java:511)
	at java.util.concurrent.FutureTask.run(FutureTask.java:266)
	at java.util.concurrent.ThreadPoolExecutor.runWorker(ThreadPoolExecutor.java:1149)
	at java.util.concurrent.ThreadPoolExecutor$Worker.run(ThreadPoolExecutor.java:624)
	at java.lang.Thread.run(Thread.java:748)
2018-05-15 05:44:22,476 INFO  SysUtils - Configuration on demand is an incubating feature.
WARNING: Configuration 'compile' is obsolete and has been replaced with 'implementation' and 'api'.
It will be removed at the end of 2018. For more information see: http://d.android.com/r/tools/update-dependency-configurations.html
WARNING: Configuration 'debugCompile' is obsolete and has been replaced with 'debugImplementation' and 'debugApi'.
It will be removed at the end of 2018. For more information see: http://d.android.com/r/tools/update-dependency-configurations.html
WARNING: Configuration 'releaseCompile' is obsolete and has been replaced with 'releaseImplementation' and 'releaseApi'.
It will be removed at the end of 2018. For more information see: http://d.android.com/r/tools/update-dependency-configurations.html
WARNING: Configuration 'testCompile' is obsolete and has been replaced with 'testImplementation' and 'testApi'.
It will be removed at the end of 2018. For more information see: http://d.android.com/r/tools/update-dependency-configurations.html
WARNING: Configuration 'testApi' is obsolete and has been replaced with 'testImplementation'.
It will be removed at the end of 2018. For more information see: http://d.android.com/r/tools/update-dependency-configurations.html
Signing not ready. Did you specify a signingConfig for the variation Release?
WARNING: Configuration 'compile' is obsolete and has been replaced with 'implementation' and 'api'.
It will be removed at the end of 2018. For more information see: http://d.android.com/r/tools/update-dependency-configurations.html
WARNING: Configuration 'testCompile' is obsolete and has been replaced with 'testImplementation' and 'testApi'.
It will be removed at the end of 2018. For more information see: http://d.android.com/r/tools/update-dependency-configurations.html
WARNING: Configuration 'testApi' is obsolete and has been replaced with 'testImplementation'.
It will be removed at the end of 2018. For more information see: http://d.android.com/r/tools/update-dependency-configurations.html
:androidplot-core:preBuild UP-TO-DATE
:androidplot-core:preDebugBuild UP-TO-DATE
:androidplot-core:compileDebugAidl UP-TO-DATE
:androidplot-core:compileDebugRenderscript UP-TO-DATE
:androidplot-core:checkDebugManifest UP-TO-DATE
:androidplot-core:generateDebugBuildConfig UP-TO-DATE
:androidplot-core:generateDebugResValues UP-TO-DATE
:androidplot-core:generateDebugResources UP-TO-DATE
:androidplot-core:packageDebugResources UP-TO-DATE
:androidplot-core:platformAttrExtractor UP-TO-DATE
:androidplot-core:processDebugManifest UP-TO-DATE
:androidplot-core:generateDebugRFile UP-TO-DATE
:androidplot-core:prepareLintJar UP-TO-DATE
:androidplot-core:generateDebugSources UP-TO-DATE
:androidplot-core:javaPreCompileDebug UP-TO-DATE
:androidplot-core:compileDebugJavaWithJavac UP-TO-DATE
:androidplot-core:processDebugJavaRes NO-SOURCE
:androidplot-core:transformClassesAndResourcesWithPrepareIntermediateJarsForDebug
:demoapp:preBuild UP-TO-DATE
:demoapp:preDebugBuild
:demoapp:compileDebugAidl
:androidplot-core:packageDebugRenderscript NO-SOURCE
:demoapp:compileDebugRenderscript
:demoapp:checkDebugManifest
:demoapp:generateDebugBuildConfig
:demoapp:prepareLintJar
:demoapp:mainApkListPersistenceDebug
:demoapp:generateDebugResValues
:demoapp:generateDebugResources
:demoapp:mergeDebugResources
:demoapp:createDebugCompatibleScreenManifests
:demoapp:processDebugManifest
:demoapp:splitsDiscoveryTaskDebug
:demoapp:processDebugResources
:demoapp:generateDebugSources
:demoapp:javaPreCompileDebug
:demoapp:compileDebugJavaWithJavacNote: Some input files use or override a deprecated API.
Note: Recompile with -Xlint:deprecation for details.
Note: Some input files use unchecked or unsafe operations.
Note: Recompile with -Xlint:unchecked for details.

:demoapp:compileDebugNdk NO-SOURCE
:demoapp:compileDebugSources
:androidplot-core:mergeDebugShaders UP-TO-DATE
:androidplot-core:compileDebugShaders UP-TO-DATE
:androidplot-core:generateDebugAssets UP-TO-DATE
:androidplot-core:packageDebugAssets UP-TO-DATE
:demoapp:mergeDebugShaders
:demoapp:compileDebugShaders
:demoapp:generateDebugAssets
:demoapp:mergeDebugAssets
:demoapp:transformClassesWithDexBuilderForDebug
:demoapp:transformDexArchiveWithExternalLibsDexMergerForDebug
:demoapp:transformDexArchiveWithDexMergerForDebug
:androidplot-core:compileDebugNdk NO-SOURCE
:androidplot-core:mergeDebugJniLibFolders UP-TO-DATE
:androidplot-core:transformNativeLibsWithMergeJniLibsForDebug UP-TO-DATE
:androidplot-core:transformNativeLibsWithStripDebugSymbolForDebug UP-TO-DATE
:androidplot-core:transformNativeLibsWithIntermediateJniLibsForDebug
:demoapp:mergeDebugJniLibFolders
:demoapp:transformNativeLibsWithMergeJniLibsForDebug
:demoapp:transformNativeLibsWithStripDebugSymbolForDebug
:demoapp:processDebugJavaRes NO-SOURCE
:demoapp:transformResourcesWithMergeJavaResForDebug
:demoapp:validateSigningDebug
:demoapp:packageDebug
:demoapp:assembleDebug
:androidplot-core:preReleaseBuild UP-TO-DATE
:androidplot-core:compileReleaseAidl UP-TO-DATE
:androidplot-core:compileReleaseRenderscript UP-TO-DATE
:androidplot-core:checkReleaseManifest UP-TO-DATE
:androidplot-core:generateReleaseBuildConfig UP-TO-DATE
:androidplot-core:generateReleaseResValues UP-TO-DATE
:androidplot-core:generateReleaseResources UP-TO-DATE
:androidplot-core:packageReleaseResources UP-TO-DATE
:androidplot-core:processReleaseManifest UP-TO-DATE
:androidplot-core:generateReleaseRFile UP-TO-DATE
:androidplot-core:generateReleaseSources UP-TO-DATE
:androidplot-core:javaPreCompileRelease UP-TO-DATE
:androidplot-core:compileReleaseJavaWithJavac UP-TO-DATE
:androidplot-core:processReleaseJavaRes NO-SOURCE
:androidplot-core:transformClassesAndResourcesWithPrepareIntermediateJarsForRelease
:demoapp:preReleaseBuild
:demoapp:compileReleaseAidl
:androidplot-core:packageReleaseRenderscript NO-SOURCE
:demoapp:compileReleaseRenderscript
:demoapp:checkReleaseManifest
:demoapp:generateReleaseBuildConfig
:demoapp:mainApkListPersistenceRelease
:demoapp:generateReleaseResValues
:demoapp:generateReleaseResources
:demoapp:mergeReleaseResources
:demoapp:createReleaseCompatibleScreenManifests
:demoapp:processReleaseManifest
:demoapp:splitsDiscoveryTaskRelease
:demoapp:processReleaseResources
:demoapp:generateReleaseSources
:demoapp:javaPreCompileRelease
:demoapp:compileReleaseJavaWithJavacNote: Some input files use or override a deprecated API.
Note: Recompile with -Xlint:deprecation for details.
Note: Some input files use unchecked or unsafe operations.
Note: Recompile with -Xlint:unchecked for details.

:demoapp:compileReleaseNdk NO-SOURCE
:demoapp:compileReleaseSources
:demoapp:lintVitalRelease
:androidplot-core:mergeReleaseShaders UP-TO-DATE
:androidplot-core:compileReleaseShaders UP-TO-DATE
:androidplot-core:generateReleaseAssets UP-TO-DATE
:androidplot-core:packageReleaseAssets UP-TO-DATE
:demoapp:mergeReleaseShaders
:demoapp:compileReleaseShaders
:demoapp:generateReleaseAssets
:demoapp:mergeReleaseAssets
:demoapp:transformClassesWithDexBuilderForRelease
:demoapp:transformDexArchiveWithExternalLibsDexMergerForRelease
:demoapp:transformDexArchiveWithDexMergerForRelease
:androidplot-core:compileReleaseNdk NO-SOURCE
:androidplot-core:mergeReleaseJniLibFolders UP-TO-DATE
:androidplot-core:transformNativeLibsWithMergeJniLibsForRelease UP-TO-DATE
:androidplot-core:transformNativeLibsWithStripDebugSymbolForRelease UP-TO-DATE
:androidplot-core:transformNativeLibsWithIntermediateJniLibsForRelease
:demoapp:mergeReleaseJniLibFolders
:demoapp:transformNativeLibsWithMergeJniLibsForRelease
:demoapp:transformNativeLibsWithStripDebugSymbolForRelease
:demoapp:processReleaseJavaRes NO-SOURCE
:demoapp:transformResourcesWithMergeJavaResForRelease
:demoapp:validateSigningRelease FAILED

FAILURE: Build failed with an exception.

* What went wrong:
Execution failed for task ':demoapp:validateSigningRelease'.
> Keystore file '/tmp/rdisk/177/src/demoapp/keystore.jks' not found for signing config 'release'.

* Try:
Run with --info or --debug option to get more log output. Run with --scan to get full insights.

* Exception is:
org.gradle.api.tasks.TaskExecutionException: Execution failed for task ':demoapp:validateSigningRelease'.
	at org.gradle.api.internal.tasks.execution.ExecuteActionsTaskExecuter.executeActions(ExecuteActionsTaskExecuter.java:103)
	at org.gradle.api.internal.tasks.execution.ExecuteActionsTaskExecuter.execute(ExecuteActionsTaskExecuter.java:73)
	at org.gradle.api.internal.tasks.execution.OutputDirectoryCreatingTaskExecuter.execute(OutputDirectoryCreatingTaskExecuter.java:51)
	at org.gradle.api.internal.tasks.execution.SkipUpToDateTaskExecuter.execute(SkipUpToDateTaskExecuter.java:59)
	at org.gradle.api.internal.tasks.execution.ResolveTaskOutputCachingStateExecuter.execute(ResolveTaskOutputCachingStateExecuter.java:54)
	at org.gradle.api.internal.tasks.execution.ValidatingTaskExecuter.execute(ValidatingTaskExecuter.java:59)
	at org.gradle.api.internal.tasks.execution.SkipEmptySourceFilesTaskExecuter.execute(SkipEmptySourceFilesTaskExecuter.java:101)
	at org.gradle.api.internal.tasks.execution.FinalizeInputFilePropertiesTaskExecuter.execute(FinalizeInputFilePropertiesTaskExecuter.java:44)
	at org.gradle.api.internal.tasks.execution.CleanupStaleOutputsExecuter.execute(CleanupStaleOutputsExecuter.java:91)
	at org.gradle.api.internal.tasks.execution.ResolveTaskArtifactStateTaskExecuter.execute(ResolveTaskArtifactStateTaskExecuter.java:62)
	at org.gradle.api.internal.tasks.execution.SkipTaskWithNoActionsExecuter.execute(SkipTaskWithNoActionsExecuter.java:59)
	at org.gradle.api.internal.tasks.execution.SkipOnlyIfTaskExecuter.execute(SkipOnlyIfTaskExecuter.java:54)
	at org.gradle.api.internal.tasks.execution.ExecuteAtMostOnceTaskExecuter.execute(ExecuteAtMostOnceTaskExecuter.java:43)
	at org.gradle.api.internal.tasks.execution.CatchExceptionTaskExecuter.execute(CatchExceptionTaskExecuter.java:34)
	at org.gradle.execution.taskgraph.DefaultTaskGraphExecuter$EventFiringTaskWorker$1.run(DefaultTaskGraphExecuter.java:256)
	at org.gradle.internal.progress.DefaultBuildOperationExecutor$RunnableBuildOperationWorker.execute(DefaultBuildOperationExecutor.java:336)
	at org.gradle.internal.progress.DefaultBuildOperationExecutor$RunnableBuildOperationWorker.execute(DefaultBuildOperationExecutor.java:328)
	at org.gradle.internal.progress.DefaultBuildOperationExecutor.execute(DefaultBuildOperationExecutor.java:199)
	at org.gradle.internal.progress.DefaultBuildOperationExecutor.run(DefaultBuildOperationExecutor.java:110)
	at org.gradle.execution.taskgraph.DefaultTaskGraphExecuter$EventFiringTaskWorker.execute(DefaultTaskGraphExecuter.java:249)
	at org.gradle.execution.taskgraph.DefaultTaskGraphExecuter$EventFiringTaskWorker.execute(DefaultTaskGraphExecuter.java:238)
	at org.gradle.execution.taskgraph.DefaultTaskPlanExecutor$TaskExecutorWorker.processTask(DefaultTaskPlanExecutor.java:123)
	at org.gradle.execution.taskgraph.DefaultTaskPlanExecutor$TaskExecutorWorker.access$200(DefaultTaskPlanExecutor.java:79)
	at org.gradle.execution.taskgraph.DefaultTaskPlanExecutor$TaskExecutorWorker$1.execute(DefaultTaskPlanExecutor.java:104)
	at org.gradle.execution.taskgraph.DefaultTaskPlanExecutor$TaskExecutorWorker$1.execute(DefaultTaskPlanExecutor.java:98)
	at org.gradle.execution.taskgraph.DefaultTaskExecutionPlan.execute(DefaultTaskExecutionPlan.java:663)
	at org.gradle.execution.taskgraph.DefaultTaskExecutionPlan.executeWithTask(DefaultTaskExecutionPlan.java:597)
	at org.gradle.execution.taskgraph.DefaultTaskPlanExecutor$TaskExecutorWorker.run(DefaultTaskPlanExecutor.java:98)
	at org.gradle.internal.concurrent.ExecutorPolicy$CatchAndRecordFailures.onExecute(ExecutorPolicy.java:63)
	at org.gradle.internal.concurrent.ManagedExecutorImpl$1.run(ManagedExecutorImpl.java:46)
	at org.gradle.internal.concurrent.ThreadFactoryImpl$ManagedThreadRunnable.run(ThreadFactoryImpl.java:55)
Caused by: org.gradle.api.InvalidUserDataException: Keystore file '/tmp/rdisk/177/src/demoapp/keystore.jks' not found for signing config 'release'.
	at com.android.build.gradle.internal.tasks.ValidateSigningTask.validate(ValidateSigningTask.kt:71)
	at org.gradle.internal.reflect.JavaMethod.invoke(JavaMethod.java:73)
	at org.gradle.api.internal.project.taskfactory.StandardTaskAction.doExecute(StandardTaskAction.java:46)
	at org.gradle.api.internal.project.taskfactory.StandardTaskAction.execute(StandardTaskAction.java:39)
	at org.gradle.api.internal.project.taskfactory.StandardTaskAction.execute(StandardTaskAction.java:26)
	at org.gradle.api.internal.AbstractTask$TaskActionWrapper.execute(AbstractTask.java:788)
	at org.gradle.api.internal.AbstractTask$TaskActionWrapper.execute(AbstractTask.java:755)
	at org.gradle.api.internal.tasks.execution.ExecuteActionsTaskExecuter$1.run(ExecuteActionsTaskExecuter.java:124)
	at org.gradle.internal.progress.DefaultBuildOperationExecutor$RunnableBuildOperationWorker.execute(DefaultBuildOperationExecutor.java:336)
	at org.gradle.internal.progress.DefaultBuildOperationExecutor$RunnableBuildOperationWorker.execute(DefaultBuildOperationExecutor.java:328)
	at org.gradle.internal.progress.DefaultBuildOperationExecutor.execute(DefaultBuildOperationExecutor.java:199)
	at org.gradle.internal.progress.DefaultBuildOperationExecutor.run(DefaultBuildOperationExecutor.java:110)
	at org.gradle.api.internal.tasks.execution.ExecuteActionsTaskExecuter.executeAction(ExecuteActionsTaskExecuter.java:113)
	at org.gradle.api.internal.tasks.execution.ExecuteActionsTaskExecuter.executeActions(ExecuteActionsTaskExecuter.java:95)
	... 30 more


* Get more help at https://help.gradle.org

Deprecated Gradle features were used in this build, making it incompatible with Gradle 5.0.
See https://docs.gradle.org/4.6/userguide/command_line_interface.html#sec:command_line_warnings

BUILD FAILED in 31s
91 actionable tasks: 57 executed, 34 up-to-date

2018-05-15 05:44:22,512 INFO  FullProcessService - Found APK file: /tmp/rdisk/177/src/demoapp/build/outputs/apk/debug/demoapp-debug.apk
